<?xml version="1.0" encoding="UTF-8"?>
<!-- Generated by org.testng.reporters.JUnitReportReporter -->
<testsuite skipped="0" hostname="DESKTOP-78Q16JN" name="testPackage.HomePageTest" tests="12" failures="0" timestamp="2020-07-19T23:05:24 CEST" time="2.072" errors="0">
  <testcase name="testMessage" time="0.115" classname="testPackage.HomePageTest"/>
  <system-out/>
  <testcase name="checkIfEmuIsDisabled" time="0.029" classname="testPackage.HomePageTest"/>
  <system-out/>
  <testcase name="checkNumberOfBoxes" time="0.016" classname="testPackage.HomePageTest"/>
  <system-out/>
  <testcase name="checkIfJezevaKucicaIsSelected" time="0.077" classname="testPackage.HomePageTest"/>
  <system-out/>
  <testcase name="checkIfTurskiIsSelected" time="0.132" classname="testPackage.HomePageTest"/>
  <system-out/>
  <testcase name="examinePromptBox" time="0.099" classname="testPackage.HomePageTest"/>
  <system-out/>
  <testcase name="examineNumberOfElementsInTable" time="0.018" classname="testPackage.HomePageTest"/>
  <system-out/>
  <testcase name="checkStudentsNames" time="0.247" classname="testPackage.HomePageTest"/>
  <system-out/>
  <testcase name="verifyThatObjectIsMovedCorrectly" time="0.334" classname="testPackage.HomePageTest"/>
  <system-out/>
  <testcase name="verifyThatMouseIsMovedCorrectly" time="0.151" classname="testPackage.HomePageTest"/>
  <system-out/>
  <testcase name="examineFrame" time="0.849" classname="testPackage.HomePageTest"/>
  <system-out/>
  <testcase name="verifyURL" time="0.005" classname="testPackage.HomePageTest"/>
  <system-out/>
</testsuite> <!-- testPackage.HomePageTest -->
